DAO
Obtained database connection
Fetcing account number
account number successfully fetched
Obtained database connection
Fetcing mini-statement of the account
About to excecute the mini-statement query
Returning the list of details fetched
Closing preparedStatement
Obtained database connection
Fetcing account number
account number successfully fetched
Obtained database connection
To view complete transactions of the account
Returning the list of transactions
Closing preparedStatement
Obtained database connection
Fetcing account number
account number successfully fetched
Obtained database connection
 Request to obtain Cheque Book
 Request for check book is accepted 
Fetching and returning the generated Service ID
Obtained database connection
Fetcing account number
account number successfully fetched
Obtained database connection
To transfer fund
Fetching the current balance of destination account
Fetching the current balance of source account
Obtained database connection
Fetcing account number
account number successfully fetched
Obtained database connection
To transfer fund
Fetching the current balance of destination account
Fetching the current balance of source account
Fund transferred to destination account
Fund transferred from the source account
Obtained database connection
Fetcing account number
account number successfully fetched
Obtained database connection
To transfer fund
Fetching the current balance of destination account
Fetching the current balance of source account
Fund transferred to destination account
Fund transferred from the source account
Obtained database connection
Fetcing account number
account number successfully fetched
Obtained database connection
Fetcing account number
account number successfully fetched
Obtained database connection
To know the status of request for checkbook
Service Id not found
Obtained database connection
Fetcing account number
account number successfully fetched
Obtained database connection
To know the status of request for checkbook
Service Id not found
Obtained database connection
Fetcing account number
account number successfully fetched
Obtained database connection
To know the status of request for checkbook
Service Id not found
Obtained database connection
Fetcing account number
account number successfully fetched
Obtained database connection
To know the status of request for checkbook
Obtained database connection
Fetcing account number
account number successfully fetched
Obtained database connection
To transfer fund
Fetching the current balance of source account
Fetching the current balance of destination account
Fund transferred to destination account
Fund transferred from the source account
Obtained database connection
Fetcing account number
Obtained database connection
Fetcing mini-statement of the account
About to excecute the mini-statement query
Closing preparedStatement
Obtained database connection
Fetcing account number
Obtained database connection
To view complete transactions of the account
Closing preparedStatement
Obtained database connection
Fetcing account number
account number successfully fetched
Obtained database connection
Fetcing account number
account number successfully fetched
Obtained database connection
To transfer fund
Fetching the current balance of source account
Fetching the current balance of destination account
Fund transferred to destination account
Fund transferred from the source account
Obtained database connection
Fetcing account number
account number successfully fetched
Obtained database connection
Fetcing mini-statement of the account
About to excecute the mini-statement query
Returning the list of details fetched
Closing preparedStatement
Obtained database connection
Fetcing account number
account number successfully fetched
Obtained database connection
Fetcing mini-statement of the account
About to excecute the mini-statement query
Returning the list of details fetched
Closing preparedStatement
Obtained database connection
Fetcing account number
account number successfully fetched
Obtained database connection
Fetcing mini-statement of the account
About to excecute the mini-statement query
Returning the list of details fetched
Closing preparedStatement
Obtained database connection
Fetcing account number
account number successfully fetched
Obtained database connection
To transfer fund
Fetching the current balance of source account
Fetching the current balance of destination account
Fund transferred to destination account
Fund transferred from the source account
Obtained database connection
Fetcing account number
account number successfully fetched
Obtained database connection
Fetcing mini-statement of the account
About to excecute the mini-statement query
Returning the list of details fetched
Closing preparedStatement
Obtained database connection
Fetcing account number
account number successfully fetched
Obtained database connection
To view complete transactions of the account
Returning the list of transactions
Closing preparedStatement
Obtained database connection
Fetcing account number
Obtained database connection
Fetcing mini-statement of the account
About to excecute the mini-statement query
Closing preparedStatement
Obtained database connection
Fetcing account number
account number successfully fetched
Obtained database connection
Fetcing mini-statement of the account
About to excecute the mini-statement query
Returning the list of details fetched
Closing preparedStatement
Obtained database connection
Fetcing account number
account number successfully fetched
Obtained database connection
Fetcing mini-statement of the account
About to excecute the mini-statement query
Returning the list of details fetched
Closing preparedStatement
Obtained database connection
Fetcing account number
account number successfully fetched
Obtained database connection
To transfer fund
Fetching the current balance of source account
Fetching the current balance of destination account
Fund transferred to destination account
Fund transferred from the source account
Obtained database connection
Fetcing account number
account number successfully fetched
Obtained database connection
Fetcing mini-statement of the account
About to excecute the mini-statement query
Returning the list of details fetched
Closing preparedStatement
Obtained database connection
Fetcing account number
account number successfully fetched
Obtained database connection
To transfer fund
Fetching the current balance of source account
Fetching the current balance of destination account
Error while crediting in table
Obtained database connection
Fetcing account number
account number successfully fetched
Obtained database connection
To transfer fund
Fetching the current balance of source account
Fetching the current balance of destination account
Transaction credited in table
Transaction debited in table
Fund transferred to destination account
Fund transferred from the source account
Obtained database connection
Fetcing account number
account number successfully fetched
Obtained database connection
Fetcing mini-statement of the account
About to excecute the mini-statement query
Returning the list of details fetched
Returning the list of details fetched
Closing preparedStatement
Obtained database connection
Fetcing account number
account number successfully fetched
Obtained database connection
Fetcing mini-statement of the account
About to excecute the mini-statement query
Returning the list of details fetched
Returning the list of details fetched
Returning the list of details fetched
Closing preparedStatement
Obtained database connection
Fetcing account number
account number successfully fetched
Obtained database connection
To transfer fund
Fetching the current balance of source account
Fetching the current balance of destination account
Transaction credited in table
Transaction debited in table
Fund transferred to destination account
Fund transferred from the source account
Obtained database connection
Fetcing account number
account number successfully fetched
Obtained database connection
Fetcing mini-statement of the account
About to excecute the mini-statement query
Returning the list of details fetched
Returning the list of details fetched
Returning the list of details fetched
Returning the list of details fetched
Closing preparedStatement
Obtained database connection
Fetcing account number
account number successfully fetched
Obtained database connection
Fetcing mini-statement of the account
About to excecute the mini-statement query
Returning the list of details fetched
Returning the list of details fetched
Returning the list of details fetched
Closing preparedStatement
Obtained database connection
Fetcing account number
account number successfully fetched
Obtained database connection
To update the address of the  customer
Customer address updated successfully
Obtained database connection
Fetcing account number
account number successfully fetched
Obtained database connection
 Request to obtain Cheque Book
 Request for check book is accepted 
Fetching and returning the generated Service ID
Obtained database connection
Fetcing account number
account number successfully fetched
Obtained database connection
To know the status of request for checkbook
Obtained database connection
Fetcing account number
account number successfully fetched
Obtained database connection
To know the status of request for checkbook
Service Id not found
Obtained database connection
Fetcing account number
account number successfully fetched
Obtained database connection
 Request to obtain Cheque Book
 Request for check book is accepted 
Fetching and returning the generated Service ID
Obtained database connection
Fetcing account number
account number successfully fetched
Obtained database connection
To know the status of request for checkbook
Obtained database connection
Fetcing account number
account number successfully fetched
Obtained database connection
To view complete transactions of the account
Returning the list of transactions
Returning the list of transactions
Returning the list of transactions
Returning the list of transactions
Closing preparedStatement
Obtained database connection
Fetcing account number
account number successfully fetched
Obtained database connection
Fetcing mini-statement of the account
About to excecute the mini-statement query
Returning the list of details fetched
Returning the list of details fetched
Returning the list of details fetched
Returning the list of details fetched
Closing preparedStatement
